2018-04-30 15:41:30 +0200 --- <-- Starting webhook_receiver -->
2018-04-30 15:41:30 +0200 --- Reading configuration files
2018-04-30 15:41:52 +0200 --- <-- Starting webhook_receiver -->
2018-04-30 15:41:52 +0200 --- Reading configuration files
2018-04-30 15:41:52 +0200 --- Starting HTTPServer on port 8000
2018-04-30 15:44:54 +0200 --- <-- Starting webhook_receiver -->
2018-04-30 15:44:54 +0200 --- Reading configuration files
2018-04-30 15:44:54 +0200 --- Starting HTTPServer on port 8000
2018-04-30 15:45:06 +0200 --- <-- Starting webhook_receiver -->
2018-04-30 15:45:06 +0200 --- Reading configuration files
2018-04-30 15:45:06 +0200 --- Starting HTTPServer on port 8000
2018-04-30 15:45:29 +0200 --- <-- Starting webhook_receiver -->
2018-04-30 15:45:29 +0200 --- Reading configuration files
2018-04-30 15:45:29 +0200 --- Starting HTTPServer on port 8000
2018-04-30 15:45:39 +0200 --- <-- Starting webhook_receiver -->
2018-04-30 15:45:39 +0200 --- Reading configuration files
2018-04-30 15:45:39 +0200 --- Starting HTTPServer on port 8000
2018-04-30 15:46:47 +0200 --- <-- Starting webhook_receiver -->
2018-04-30 15:46:47 +0200 --- Reading configuration files
2018-04-30 15:46:47 +0200 --- Starting HTTPServer on port 8000
2018-04-30 15:47:33 +0200 --- <-- Starting webhook_receiver -->
2018-04-30 15:47:33 +0200 --- Reading configuration files
2018-04-30 15:47:33 +0200 --- Starting HTTPServer on port 8000
2018-04-30 15:48:09 +0200 --- <-- Starting webhook_receiver -->
2018-04-30 15:48:09 +0200 --- Reading configuration files
2018-04-30 15:48:09 +0200 --- Starting HTTPServer on port 8000
2018-04-30 15:48:33 +0200 --- <-- Starting webhook_receiver -->
2018-04-30 15:48:33 +0200 --- Reading configuration files
2018-04-30 15:48:45 +0200 --- <-- Starting webhook_receiver -->
2018-04-30 15:48:45 +0200 --- Reading configuration files
2018-04-30 15:49:22 +0200 --- <-- Starting webhook_receiver -->
2018-04-30 15:49:22 +0200 --- Reading configuration files
2018-04-30 15:49:34 +0200 --- <-- Starting webhook_receiver -->
2018-04-30 15:49:34 +0200 --- Reading configuration files
2018-04-30 15:49:53 +0200 --- <-- Starting webhook_receiver -->
2018-04-30 15:49:53 +0200 --- Reading configuration files
2018-04-30 15:50:10 +0200 --- <-- Starting webhook_receiver -->
2018-04-30 15:50:10 +0200 --- Reading configuration files
2018-04-30 15:50:24 +0200 --- <-- Starting webhook_receiver -->
2018-04-30 15:50:24 +0200 --- Reading configuration files
2018-04-30 15:50:38 +0200 --- <-- Starting webhook_receiver -->
2018-04-30 15:50:38 +0200 --- Reading configuration files
2018-04-30 15:51:00 +0200 --- <-- Starting webhook_receiver -->
2018-04-30 15:51:00 +0200 --- Reading configuration files
2018-04-30 15:52:57 +0200 --- <-- Starting webhook_receiver -->
2018-04-30 15:52:57 +0200 --- Reading configuration files
2018-04-30 15:53:04 +0200 --- <-- Starting webhook_receiver -->
2018-04-30 15:53:04 +0200 --- Reading configuration files
2018-04-30 15:53:17 +0200 --- <-- Starting webhook_receiver -->
2018-04-30 15:53:17 +0200 --- Reading configuration files
2018-04-30 15:53:24 +0200 --- <-- Starting webhook_receiver -->
2018-04-30 15:53:24 +0200 --- Reading configuration files
2018-04-30 15:53:24 +0200 --- Starting HTTPServer on port 8000
2018-04-30 15:54:13 +0200 --- <-- Starting webhook_receiver -->
2018-04-30 15:54:13 +0200 --- Reading configuration files
2018-04-30 15:54:28 +0200 --- <-- Starting webhook_receiver -->
2018-04-30 15:54:28 +0200 --- Reading configuration files
2018-04-30 15:54:56 +0200 --- <-- Starting webhook_receiver -->
2018-04-30 15:54:56 +0200 --- Reading configuration files
2018-04-30 15:55:04 +0200 --- <-- Starting webhook_receiver -->
2018-04-30 15:55:04 +0200 --- Reading configuration files
2018-04-30 15:57:38 +0200 --- <-- Starting webhook_receiver -->
2018-04-30 15:57:38 +0200 --- Reading configuration files
2018-04-30 15:57:56 +0200 --- <-- Starting webhook_receiver -->
2018-04-30 15:57:56 +0200 --- Reading configuration files
2018-04-30 15:58:31 +0200 --- <-- Starting webhook_receiver -->
2018-04-30 15:58:31 +0200 --- Reading configuration files
2018-04-30 15:58:40 +0200 --- <-- Starting webhook_receiver -->
2018-04-30 15:58:40 +0200 --- Reading configuration files
2018-04-30 15:59:07 +0200 --- <-- Starting webhook_receiver -->
2018-04-30 15:59:07 +0200 --- Reading configuration files
2018-04-30 15:59:27 +0200 --- <-- Starting webhook_receiver -->
2018-04-30 15:59:27 +0200 --- Reading configuration files
2018-04-30 15:59:45 +0200 --- <-- Starting webhook_receiver -->
2018-04-30 15:59:45 +0200 --- Reading configuration files
2018-04-30 16:00:15 +0200 --- <-- Starting webhook_receiver -->
2018-04-30 16:00:15 +0200 --- Reading configuration files
2018-04-30 16:00:37 +0200 --- <-- Starting webhook_receiver -->
2018-04-30 16:00:37 +0200 --- Reading configuration files
2018-04-30 16:00:37 +0200 --- Starting HTTPServer on port 8000
2018-04-30 16:01:12 +0200 --- <-- Starting webhook_receiver -->
2018-04-30 16:01:12 +0200 --- Reading configuration files
2018-04-30 16:01:24 +0200 --- <-- Starting webhook_receiver -->
2018-04-30 16:01:24 +0200 --- Reading configuration files
2018-04-30 16:01:24 +0200 --- Starting HTTPServer on port 8000
2018-04-30 16:01:34 +0200 --- <-- Starting webhook_receiver -->
2018-04-30 16:01:34 +0200 --- Reading configuration files
2018-04-30 16:01:34 +0200 --- Starting HTTPServer on port 8000
2018-04-30 16:01:47 +0200 --- <-- Starting webhook_receiver -->
2018-04-30 16:01:47 +0200 --- Reading configuration files
2018-04-30 16:01:47 +0200 --- Starting HTTPServer on port 8000
2018-04-30 16:02:01 +0200 --- <-- Starting webhook_receiver -->
2018-04-30 16:02:01 +0200 --- Reading configuration files
2018-04-30 16:02:01 +0200 --- Starting HTTPServer on port 8000
2018-04-30 16:04:22 +0200 --- <-- Starting webhook_receiver -->
2018-04-30 16:04:22 +0200 --- Reading configuration files
2018-04-30 16:06:21 +0200 --- <-- Starting webhook_receiver -->
2018-04-30 16:06:21 +0200 --- Reading configuration files
2018-04-30 16:07:11 +0200 --- <-- Starting webhook_receiver -->
2018-04-30 16:07:11 +0200 --- Reading configuration files
2018-04-30 16:07:11 +0200 --- Starting HTTPServer on port 8000
2018-04-30 16:07:33 +0200 --- <-- Starting webhook_receiver -->
2018-04-30 16:07:33 +0200 --- Reading configuration files
2018-04-30 16:07:33 +0200 --- Starting HTTPServer on port 8000
2018-04-30 16:08:05 +0200 --- <-- Starting webhook_receiver -->
2018-04-30 16:08:05 +0200 --- Reading configuration files
2018-04-30 16:08:17 +0200 --- <-- Starting webhook_receiver -->
2018-04-30 16:08:17 +0200 --- Reading configuration files
2018-04-30 16:09:16 +0200 --- <-- Starting webhook_receiver -->
2018-04-30 16:09:16 +0200 --- Reading configuration files
2018-04-30 16:09:58 +0200 --- <-- Starting webhook_receiver -->
2018-04-30 16:09:58 +0200 --- Reading configuration files
2018-04-30 16:11:15 +0200 --- <-- Starting webhook_receiver -->
2018-04-30 16:11:15 +0200 --- Reading configuration files
2018-04-30 16:13:07 +0200 --- <-- Starting webhook_receiver -->
2018-04-30 16:13:07 +0200 --- Reading configuration files
2018-04-30 16:13:07 +0200 --- Starting HTTPServer on port 8000
2018-04-30 16:13:20 +0200 --- <-- Starting webhook_receiver -->
2018-04-30 16:13:20 +0200 --- Reading configuration files
2018-04-30 16:13:20 +0200 --- Starting HTTPServer on port 8000
2018-04-30 16:14:04 +0200 --- <-- Starting webhook_receiver -->
2018-04-30 16:14:04 +0200 --- Reading configuration files
2018-04-30 16:14:34 +0200 --- <-- Starting webhook_receiver -->
2018-04-30 16:14:34 +0200 --- Reading configuration files
2018-04-30 16:14:47 +0200 --- <-- Starting webhook_receiver -->
2018-04-30 16:14:47 +0200 --- Reading configuration files
2018-04-30 16:14:53 +0200 --- <-- Starting webhook_receiver -->
2018-04-30 16:14:53 +0200 --- Reading configuration files
2018-04-30 16:14:53 +0200 --- Starting HTTPServer on port 8000
2018-04-30 16:15:15 +0200 --- <-- Starting webhook_receiver -->
2018-04-30 16:15:15 +0200 --- Reading configuration files
2018-04-30 16:17:20 +0200 --- <-- Starting webhook_receiver -->
2018-04-30 16:17:20 +0200 --- Reading configuration files
2018-04-30 16:17:20 +0200 --- Project not found in configuration.
2018-04-30 16:17:20 +0200 --- Starting HTTPServer on port 8000
2018-04-30 19:02:46 +0200 --- <-- Starting webhook_receiver -->
2018-04-30 19:02:46 +0200 --- Reading configuration files
2018-04-30 19:05:17 +0200 --- <-- Starting webhook_receiver -->
2018-04-30 19:05:17 +0200 --- Reading configuration files
2018-04-30 19:06:34 +0200 --- <-- Starting webhook_receiver -->
2018-04-30 19:06:34 +0200 --- Reading configuration files
2018-04-30 19:06:34 +0200 --- Event 'merge_request' not configured.
2018-04-30 19:06:34 +0200 --- Starting HTTPServer on port 8000
2018-04-30 19:06:48 +0200 --- <-- Starting webhook_receiver -->
2018-04-30 19:06:48 +0200 --- Reading configuration files
2018-04-30 19:06:48 +0200 --- Event 'merge_request' not configured.
2018-04-30 19:06:48 +0200 --- Starting HTTPServer on port 8000
2018-04-30 19:07:02 +0200 --- <-- Starting webhook_receiver -->
2018-04-30 19:07:02 +0200 --- Reading configuration files
2018-04-30 19:07:02 +0200 --- Event 'merge_request' not configured.
2018-04-30 19:07:02 +0200 --- Starting HTTPServer on port 8000
2018-04-30 19:07:41 +0200 --- <-- Starting webhook_receiver -->
2018-04-30 19:07:41 +0200 --- Reading configuration files
2018-04-30 19:07:41 +0200 --- Event 'merge_request' not configured.
2018-04-30 19:07:41 +0200 --- Starting HTTPServer on port 8000
2018-04-30 19:08:52 +0200 --- <-- Starting webhook_receiver -->
2018-04-30 19:08:52 +0200 --- Reading configuration files
2018-04-30 19:08:52 +0200 --- Event 'merge_request' not configured.
2018-04-30 19:08:52 +0200 --- Starting HTTPServer on port 8000
2018-04-30 19:09:11 +0200 --- <-- Starting webhook_receiver -->
2018-04-30 19:09:11 +0200 --- Reading configuration files
2018-04-30 19:09:11 +0200 --- Event 'merge_request' not configured.
2018-04-30 19:09:11 +0200 --- Starting HTTPServer on port 8000
2018-04-30 19:09:16 +0200 --- <-- Starting webhook_receiver -->
2018-04-30 19:09:16 +0200 --- Reading configuration files
2018-04-30 19:09:16 +0200 --- Event 'merge_request' not configured.
2018-04-30 19:09:16 +0200 --- Starting HTTPServer on port 8000
2018-04-30 19:09:56 +0200 --- <-- Starting webhook_receiver -->
2018-04-30 19:09:56 +0200 --- Reading configuration files
2018-04-30 19:09:56 +0200 --- Event 'merge_request' not configured.
2018-04-30 19:09:56 +0200 --- Starting HTTPServer on port 8000
2018-04-30 19:10:25 +0200 --- <-- Starting webhook_receiver -->
2018-04-30 19:10:25 +0200 --- Reading configuration files
2018-04-30 19:10:25 +0200 --- Event 'merge_request' not configured.
2018-04-30 19:10:25 +0200 --- Starting HTTPServer on port 8000
2018-04-30 19:10:53 +0200 --- <-- Starting webhook_receiver -->
2018-04-30 19:10:53 +0200 --- Reading configuration files
2018-04-30 19:10:53 +0200 --- Starting HTTPServer on port 8000
2018-04-30 19:11:42 +0200 --- <-- Starting webhook_receiver -->
2018-04-30 19:11:42 +0200 --- Reading configuration files
2018-04-30 19:11:42 +0200 --- Starting HTTPServer on port 8000
2018-04-30 19:12:21 +0200 --- <-- Starting webhook_receiver -->
2018-04-30 19:12:21 +0200 --- Reading configuration files
2018-04-30 19:12:21 +0200 --- Starting HTTPServer on port 8000
2018-04-30 19:16:18 +0200 --- <-- Starting webhook_receiver -->
2018-04-30 19:16:18 +0200 --- Reading configuration files
2018-04-30 19:16:18 +0200 --- Starting HTTPServer on port 8000
2018-04-30 19:20:31 +0200 --- <-- Starting webhook_receiver -->
2018-04-30 19:20:31 +0200 --- Reading configuration files
2018-04-30 19:20:31 +0200 --- Starting HTTPServer on port 8000
2018-04-30 19:20:40 +0200 --- <-- Starting webhook_receiver -->
2018-04-30 19:20:40 +0200 --- Reading configuration files
2018-04-30 19:20:40 +0200 --- Starting HTTPServer on port 8000
2018-04-30 19:21:03 +0200 --- <-- Starting webhook_receiver -->
2018-04-30 19:21:03 +0200 --- Reading configuration files
2018-04-30 19:21:04 +0200 --- Starting HTTPServer on port 8000
2018-04-30 19:21:21 +0200 --- <-- Starting webhook_receiver -->
2018-04-30 19:21:21 +0200 --- Reading configuration files
2018-04-30 19:21:21 +0200 --- Starting HTTPServer on port 8000
2018-04-30 19:22:38 +0200 --- <-- Starting webhook_receiver -->
2018-04-30 19:22:38 +0200 --- Reading configuration files
2018-04-30 19:22:38 +0200 --- Project 'Webtechnologien' not found in configuration.
2018-04-30 19:22:38 +0200 --- Starting HTTPServer on port 8000
2018-04-30 19:23:07 +0200 --- <-- Starting webhook_receiver -->
2018-04-30 19:23:07 +0200 --- Reading configuration files
2018-04-30 19:23:07 +0200 --- Project 'Webtechnologien' not found in configuration.
2018-04-30 19:23:07 +0200 --- Starting HTTPServer on port 8000
2018-04-30 19:23:48 +0200 --- <-- Starting webhook_receiver -->
2018-04-30 19:23:48 +0200 --- Reading configuration files
2018-04-30 19:23:48 +0200 --- Project 'Webtechnologien' not found in configuration.
2018-04-30 19:23:48 +0200 --- Starting HTTPServer on port 8000
2018-04-30 19:25:10 +0200 --- <-- Starting webhook_receiver -->
2018-04-30 19:25:10 +0200 --- Reading configuration files
2018-04-30 19:25:10 +0200 --- Project 'Webtechnologien' not found in configuration.
2018-04-30 19:25:10 +0200 --- Starting HTTPServer on port 8000
2018-04-30 19:29:00 +0200 --- <-- Starting webhook_receiver -->
2018-04-30 19:29:00 +0200 --- Reading configuration files
2018-04-30 19:29:00 +0200 --- Starting HTTPServer on port 8000
2018-04-30 19:29:30 +0200 --- <-- Starting webhook_receiver -->
2018-04-30 19:29:30 +0200 --- Reading configuration files
2018-04-30 19:29:30 +0200 --- Starting HTTPServer on port 8000
2018-04-30 19:30:38 +0200 --- <-- Starting webhook_receiver -->
2018-04-30 19:30:38 +0200 --- Reading configuration files
2018-04-30 19:30:38 +0200 --- Project 'Webtechnologien' not found in configuration.
2018-04-30 19:30:38 +0200 --- Starting HTTPServer on port 8000
2018-04-30 19:36:30 +0200 --- <-- Starting webhook_receiver -->
2018-04-30 19:36:30 +0200 --- Reading configuration files
2018-04-30 19:36:30 +0200 --- Starting HTTPServer on port 8000
2018-04-30 19:36:51 +0200 --- <-- Starting webhook_receiver -->
2018-04-30 19:36:51 +0200 --- Reading configuration files
2018-04-30 19:36:51 +0200 --- Starting HTTPServer on port 8000
2018-04-30 19:37:12 +0200 --- <-- Starting webhook_receiver -->
2018-04-30 19:37:12 +0200 --- Reading configuration files
2018-04-30 19:37:12 +0200 --- Starting HTTPServer on port 8000
2018-04-30 19:37:32 +0200 --- <-- Starting webhook_receiver -->
2018-04-30 19:37:32 +0200 --- Reading configuration files
2018-04-30 19:37:32 +0200 --- Starting HTTPServer on port 8000
2018-04-30 19:37:52 +0200 --- <-- Starting webhook_receiver -->
2018-04-30 19:37:52 +0200 --- Reading configuration files
2018-04-30 19:37:52 +0200 --- Starting HTTPServer on port 8000
2018-04-30 19:38:05 +0200 --- <-- Starting webhook_receiver -->
2018-04-30 19:38:05 +0200 --- Reading configuration files
2018-04-30 19:38:05 +0200 --- Starting HTTPServer on port 8000
2018-04-30 19:38:21 +0200 --- <-- Starting webhook_receiver -->
2018-04-30 19:38:21 +0200 --- Reading configuration files
2018-04-30 19:38:21 +0200 --- Starting HTTPServer on port 8000
2018-04-30 19:38:40 +0200 --- <-- Starting webhook_receiver -->
2018-04-30 19:38:40 +0200 --- Reading configuration files
2018-04-30 19:38:40 +0200 --- Starting HTTPServer on port 8000
2018-04-30 19:39:07 +0200 --- <-- Starting webhook_receiver -->
2018-04-30 19:39:07 +0200 --- Reading configuration files
2018-04-30 19:39:07 +0200 --- Starting HTTPServer on port 8000
2018-04-30 19:39:29 +0200 --- <-- Starting webhook_receiver -->
2018-04-30 19:39:29 +0200 --- Reading configuration files
2018-04-30 19:39:29 +0200 --- Starting HTTPServer on port 8000
2018-04-30 19:39:48 +0200 --- <-- Starting webhook_receiver -->
2018-04-30 19:39:48 +0200 --- Reading configuration files
2018-04-30 19:39:48 +0200 --- Starting HTTPServer on port 8000
2018-05-01 09:20:35 +0200 --- <-- Starting webhook_receiver -->
2018-05-01 09:20:35 +0200 --- Reading configuration files
2018-05-01 09:20:35 +0200 --- Project 'Webtechnologien' not found in configuration.
2018-05-01 09:20:35 +0200 --- Starting HTTPServer on port 8000
2018-05-01 09:21:04 +0200 --- <-- Starting webhook_receiver -->
2018-05-01 09:21:04 +0200 --- Reading configuration files
2018-05-01 09:21:04 +0200 --- Project 'Webtechnologien' not found in configuration.
2018-05-01 09:21:04 +0200 --- Starting HTTPServer on port 8000
2018-05-01 09:22:07 +0200 --- <-- Starting webhook_receiver -->
2018-05-01 09:22:07 +0200 --- Reading configuration files
2018-05-01 09:22:07 +0200 --- Project 'Webtechnologien' not found in configuration.
2018-05-01 09:22:07 +0200 --- Starting HTTPServer on port 8000
2018-05-01 09:22:24 +0200 --- <-- Starting webhook_receiver -->
2018-05-01 09:22:24 +0200 --- Reading configuration files
2018-05-01 09:22:24 +0200 --- Project 'Webtechnologien' not found in configuration.
2018-05-01 09:22:24 +0200 --- Starting HTTPServer on port 8000
2018-05-01 09:22:41 +0200 --- <-- Starting webhook_receiver -->
2018-05-01 09:22:42 +0200 --- Reading configuration files
2018-05-01 09:22:42 +0200 --- Project 'Webtechnologien' not found in configuration.
2018-05-01 09:22:42 +0200 --- Starting HTTPServer on port 8000
2018-05-01 09:22:54 +0200 --- <-- Starting webhook_receiver -->
2018-05-01 09:22:54 +0200 --- Reading configuration files
2018-05-01 09:22:54 +0200 --- Project 'Webtechnologien' not found in configuration.
2018-05-01 09:22:54 +0200 --- Starting HTTPServer on port 8000
2018-05-01 09:23:18 +0200 --- <-- Starting webhook_receiver -->
2018-05-01 09:23:18 +0200 --- Reading configuration files
2018-05-01 09:23:18 +0200 --- Project 'Webtechnologien' not found in configuration.
2018-05-01 09:23:18 +0200 --- Starting HTTPServer on port 8000
2018-05-01 09:23:43 +0200 --- <-- Starting webhook_receiver -->
2018-05-01 09:23:43 +0200 --- Reading configuration files
2018-05-01 09:23:43 +0200 --- Project 'Webtechnologien' not found in configuration.
2018-05-01 09:23:43 +0200 --- Starting HTTPServer on port 8000
2018-05-01 09:24:12 +0200 --- <-- Starting webhook_receiver -->
2018-05-01 09:24:12 +0200 --- Reading configuration files
2018-05-01 09:24:12 +0200 --- Project 'Webtechnologien' not found in configuration.
2018-05-01 09:24:12 +0200 --- Starting HTTPServer on port 8000
2018-05-01 09:29:54 +0200 --- <-- Starting webhook_receiver -->
2018-05-01 09:29:54 +0200 --- Reading configuration files
2018-05-01 09:29:54 +0200 --- Project 'Webtechnologien' not found in configuration.
2018-05-01 09:29:54 +0200 --- Starting HTTPServer on port 8000
2018-05-01 09:30:16 +0200 --- <-- Starting webhook_receiver -->
2018-05-01 09:30:16 +0200 --- Reading configuration files
2018-05-01 09:30:16 +0200 --- Project 'Webtechnologien' not found in configuration.
2018-05-01 09:30:16 +0200 --- Starting HTTPServer on port 8000
2018-05-01 09:30:32 +0200 --- <-- Starting webhook_receiver -->
2018-05-01 09:30:32 +0200 --- Reading configuration files
2018-05-01 09:30:32 +0200 --- Project 'Webtechnologien' not found in configuration.
2018-05-01 09:30:32 +0200 --- Starting HTTPServer on port 8000
2018-05-01 09:30:54 +0200 --- <-- Starting webhook_receiver -->
2018-05-01 09:30:54 +0200 --- Reading configuration files
2018-05-01 09:30:54 +0200 --- Starting HTTPServer on port 8000
2018-05-01 10:29:25 +0200 --- <-- Starting webhook_receiver -->
2018-05-01 10:29:25 +0200 --- Reading configuration files
2018-05-01 10:29:26 +0200 --- Project 'Webtechnologien' not found in configuration.
2018-05-01 10:29:26 +0200 --- Starting HTTPServer on port 8000
2018-05-01 10:30:54 +0200 --- <-- Starting webhook_receiver -->
2018-05-01 10:30:54 +0200 --- Reading configuration files
2018-05-01 10:30:54 +0200 --- Project 'Webtechnologien' not found in configuration.
2018-05-01 10:30:54 +0200 --- Starting HTTPServer on port 8000
2018-05-01 10:36:57 +0200 --- <-- Starting webhook_receiver -->
2018-05-01 10:36:57 +0200 --- Reading configuration files
2018-05-01 10:36:57 +0200 --- Project 'Webtechnologien' not found in configuration.
2018-05-01 10:36:57 +0200 --- Starting HTTPServer on port 8000
2018-05-01 11:04:23 +0200 --- <-- Starting webhook_receiver -->
2018-05-01 11:04:23 +0200 --- Reading configuration files
2018-05-01 11:04:23 +0200 --- Project 'Webtechnologien' not found in configuration.
2018-05-01 11:04:23 +0200 --- Starting HTTPServer on port 8000
2018-05-01 11:04:37 +0200 --- <-- Starting webhook_receiver -->
2018-05-01 11:04:37 +0200 --- Reading configuration files
2018-05-01 11:04:37 +0200 --- Project 'Webtechnologien' not found in configuration.
2018-05-01 11:04:37 +0200 --- Starting HTTPServer on port 8000
2018-05-01 11:05:31 +0200 --- <-- Starting webhook_receiver -->
2018-05-01 11:05:31 +0200 --- Reading configuration files
2018-05-01 11:05:31 +0200 --- Project 'Webtechnologien' not found in configuration.
2018-05-01 11:05:31 +0200 --- Starting HTTPServer on port 8000
2018-05-01 11:05:41 +0200 --- <-- Starting webhook_receiver -->
2018-05-01 11:05:41 +0200 --- Reading configuration files
2018-05-01 11:05:41 +0200 --- Project 'Webtechnologien' not found in configuration.
2018-05-01 11:05:41 +0200 --- Starting HTTPServer on port 8000
2018-05-01 11:06:08 +0200 --- <-- Starting webhook_receiver -->
2018-05-01 11:06:08 +0200 --- Reading configuration files
2018-05-01 11:06:08 +0200 --- Project 'Webtechnologien' not found in configuration.
2018-05-01 11:06:08 +0200 --- Starting HTTPServer on port 8000
2018-05-01 11:06:57 +0200 --- <-- Starting webhook_receiver -->
2018-05-01 11:06:57 +0200 --- Reading configuration files
2018-05-01 11:06:57 +0200 --- Project 'Webtechnologien' not found in configuration.
2018-05-01 11:06:57 +0200 --- Starting HTTPServer on port 8000
2018-05-01 11:07:15 +0200 --- <-- Starting webhook_receiver -->
2018-05-01 11:07:15 +0200 --- Reading configuration files
2018-05-01 11:07:15 +0200 --- Project 'Webtechnologien' not found in configuration.
2018-05-01 11:07:15 +0200 --- Starting HTTPServer on port 8000
2018-05-01 11:07:40 +0200 --- <-- Starting webhook_receiver -->
2018-05-01 11:07:40 +0200 --- Reading configuration files
2018-05-01 11:07:40 +0200 --- Starting HTTPServer on port 8000
2018-05-01 11:09:46 +0200 --- <-- Starting webhook_receiver -->
2018-05-01 11:09:46 +0200 --- Reading configuration files
2018-05-01 11:09:46 +0200 --- Project 'Webtechnologien' not found in configuration.
2018-05-01 11:09:46 +0200 --- Starting HTTPServer on port 8000
2018-05-01 11:09:59 +0200 --- <-- Starting webhook_receiver -->
2018-05-01 11:09:59 +0200 --- Reading configuration files
2018-05-01 11:09:59 +0200 --- Starting HTTPServer on port 8000
2018-05-01 11:10:10 +0200 --- <-- Starting webhook_receiver -->
2018-05-01 11:10:10 +0200 --- Reading configuration files
2018-05-01 11:10:10 +0200 --- Starting HTTPServer on port 8000
2018-05-01 11:10:43 +0200 --- <-- Starting webhook_receiver -->
2018-05-01 11:10:43 +0200 --- Reading configuration files
2018-05-01 11:10:43 +0200 --- Starting HTTPServer on port 8000
2018-05-01 11:22:13 +0200 --- <-- Starting webhook_receiver -->
2018-05-01 11:22:13 +0200 --- Reading configuration files
2018-05-01 11:22:13 +0200 --- Starting HTTPServer on port 8000
2018-05-01 11:22:29 +0200 --- <-- Starting webhook_receiver -->
2018-05-01 11:22:29 +0200 --- Reading configuration files
2018-05-01 11:22:29 +0200 --- Starting HTTPServer on port 8000
2018-05-01 12:45:36 +0200 --- <-- Starting webhook_receiver -->
2018-05-01 12:45:36 +0200 --- Reading configuration files
2018-05-01 12:45:58 +0200 --- <-- Starting webhook_receiver -->
2018-05-01 12:45:58 +0200 --- Reading configuration files
2018-05-01 12:45:58 +0200 --- Project 'Webtechnologien' not found in configuration.
2018-05-01 12:45:58 +0200 --- Starting HTTPServer on port 8000
2018-05-01 12:46:41 +0200 --- <-- Starting webhook_receiver -->
2018-05-01 12:46:41 +0200 --- Reading configuration files
2018-05-01 12:46:41 +0200 --- Project 'Webtechnologien' not found in configuration.
2018-05-01 12:46:41 +0200 --- Starting HTTPServer on port 8000
2018-05-01 12:47:00 +0200 --- <-- Starting webhook_receiver -->
2018-05-01 12:47:00 +0200 --- Reading configuration files
2018-05-01 12:47:00 +0200 --- Starting HTTPServer on port 8000
2018-05-01 13:02:13 +0200 --- <-- Starting webhook_receiver -->
2018-05-01 13:02:13 +0200 --- Reading configuration files
2018-05-01 13:02:13 +0200 --- Starting HTTPServer on port 8000
2018-05-01 13:08:33 +0200 --- <-- Starting webhook_receiver -->
2018-05-01 13:08:33 +0200 --- Reading configuration files
2018-05-01 13:08:33 +0200 --- Starting HTTPServer on port 8000
2018-05-01 13:08:55 +0200 --- <-- Starting webhook_receiver -->
2018-05-01 13:08:55 +0200 --- Reading configuration files
2018-05-01 13:08:55 +0200 --- Starting HTTPServer on port 8000
